<?xml version="1.0" ?>
<testsuites>
	<testsuite disabled="0" errors="0" errors_detail="H:0 M:0 L:0" failures="0" failures_detail="H:0 M:0 L:0" hostname="baidu" name="Baidu" skipped="0" tests="3" time="17.419674" timestamp="2020-04-07T23:13:09.752473">
		<testcase classname="BAIDU_001" name="搜索：自动化测试" priority="H" time="5.448641"/>
		<testcase classname="BAIDU_002" name="搜索：搜狗" priority="M" time="4.592443"/>
		<testcase classname="BAIDU_005" name="搜索：&lt;测试数据&gt;" priority="M" time="5.542496"/>
	</testsuite>
</testsuites>
